<?xml version="1.0" encoding="UTF-8"?>
<testsuite time='0.207358' skipped='0' failures='0' errors='0' name="ProjectsControllerTest" assertions='11' tests='8' timestamp="2018-05-27T18:12:15-04:00">
  <testcase time='0.078492' file="test/controllers/projects_controller_test.rb" name="test_should_show_project" assertions='1'>
  </testcase>
  <testcase time='0.029601' file="test/controllers/projects_controller_test.rb" name="test_should_destroy_project" assertions='2'>
  </testcase>
  <testcase time='0.023952' file="test/controllers/projects_controller_test.rb" name="test_should_get_edit" assertions='1'>
  </testcase>
  <testcase time='0.017572' file="test/controllers/projects_controller_test.rb" name="test_should_get_new" assertions='1'>
  </testcase>
  <testcase time='0.017828' file="test/controllers/projects_controller_test.rb" name="test_authentication" assertions='2'>
  </testcase>
  <testcase time='0.013608' file="test/controllers/projects_controller_test.rb" name="test_should_update_project" assertions='1'>
  </testcase>
  <testcase time='0.014804' file="test/controllers/projects_controller_test.rb" name="test_should_create_project" assertions='2'>
  </testcase>
  <testcase time='0.011501' file="test/controllers/projects_controller_test.rb" name="test_should_get_index" assertions='1'>
  </testcase>
</testsuite>
