<?xml version="1.0" encoding="UTF-8"?>
<testsuite time='0.043524' skipped='0' failures='0' errors='0' name="WelcomeControllerTest" assertions='1' tests='1' timestamp="2018-05-27T18:12:15-04:00">
  <testcase time='0.043524' file="test/controllers/welcome_controller_test.rb" name="test_home_page_is_succesful" assertions='1'>
  </testcase>
</testsuite>
