<?xml version="1.0" encoding="UTF-8"?>
<testsuite time='0.826100' skipped='0' failures='0' errors='0' name="ProjectsControllerTest" assertions='25' tests='10' timestamp="2018-06-20T19:00:25-04:00">
  <testcase time='0.474378' file="test/controllers/projects_controller_test.rb" name="test_should_destroy_project" assertions='3'>
  </testcase>
  <testcase time='0.092353' file="test/controllers/projects_controller_test.rb" name="test_should_get_edit" assertions='2'>
  </testcase>
  <testcase time='0.026510' file="test/controllers/projects_controller_test.rb" name="test_authentication" assertions='2'>
  </testcase>
  <testcase time='0.086712' file="test/controllers/projects_controller_test.rb" name="test_should_update_html_and_md_project" assertions='4'>
  </testcase>
  <testcase time='0.018388' file="test/controllers/projects_controller_test.rb" name="test_should_get_new" assertions='1'>
  </testcase>
  <testcase time='0.024629' file="test/controllers/projects_controller_test.rb" name="test_should_create_markdown_project" assertions='3'>
  </testcase>
  <testcase time='0.025229' file="test/controllers/projects_controller_test.rb" name="test_should_create_html_project" assertions='3'>
  </testcase>
  <testcase time='0.019712' file="test/controllers/projects_controller_test.rb" name="test_should_show_project" assertions='2'>
  </testcase>
  <testcase time='0.013631' file="test/controllers/projects_controller_test.rb" name="test_should_get_index" assertions='1'>
  </testcase>
  <testcase time='0.044558' file="test/controllers/projects_controller_test.rb" name="test_should_update_markdown_project" assertions='4'>
  </testcase>
</testsuite>
