<?xml version="1.0" encoding="UTF-8"?>
<testsuite time='0.008732' skipped='0' failures='0' errors='0' name="WelcomeControllerTest" assertions='1' tests='1' timestamp="2018-05-28T03:51:29-04:00">
  <testcase time='0.008732' file="test/controllers/welcome_controller_test.rb" name="test_home_page_is_succesful" assertions='1'>
  </testcase>
</testsuite>
